19/04/21 21:31:55 WARN NativeCodeLoader: Unable to load native-hadoop library for your platform... using builtin-java classes where applicable
19/04/21 21:31:56 INFO SparkContext: Running Spark version 2.3.2
19/04/21 21:31:56 INFO SparkContext: Submitted application: sparklyr
19/04/21 21:31:56 INFO SecurityManager: Changing view acls to: MatthewHamilton
19/04/21 21:31:56 INFO SecurityManager: Changing modify acls to: MatthewHamilton
19/04/21 21:31:56 INFO SecurityManager: Changing view acls groups to: 
19/04/21 21:31:56 INFO SecurityManager: Changing modify acls groups to: 
19/04/21 21:31:56 INFO SecurityManager: SecurityManager: authentication disabled; ui acls disabled; users  with view permissions: Set(MatthewHamilton); groups with view permissions: Set(); users  with modify permissions: Set(MatthewHamilton); groups with modify permissions: Set()
19/04/21 21:31:56 INFO Utils: Successfully started service 'sparkDriver' on port 59515.
19/04/21 21:31:56 INFO SparkEnv: Registering MapOutputTracker
19/04/21 21:31:57 INFO SparkEnv: Registering BlockManagerMaster
19/04/21 21:31:57 INFO BlockManagerMasterEndpoint: Using org.apache.spark.storage.DefaultTopologyMapper for getting topology information
19/04/21 21:31:57 INFO BlockManagerMasterEndpoint: BlockManagerMasterEndpoint up
19/04/21 21:31:57 INFO DiskBlockManager: Created local directory at /private/var/folders/tw/jz_0tscs7rnd5m3_5cfbmq9r0000gn/T/blockmgr-8480f7e0-83f4-435a-9af1-b0ce23e2c87a
19/04/21 21:31:57 INFO MemoryStore: MemoryStore started with capacity 6.1 GB
19/04/21 21:31:57 INFO SparkEnv: Registering OutputCommitCoordinator
19/04/21 21:31:57 INFO Utils: Successfully started service 'SparkUI' on port 4040.
19/04/21 21:31:57 INFO SparkUI: Bound SparkUI to 127.0.0.1, and started at http://localhost:4040
19/04/21 21:31:57 INFO SparkContext: Added JAR file:/Library/Frameworks/R.framework/Versions/3.5/Resources/library/sparklyr/java/sparklyr-2.3-2.11.jar at spark://localhost:59515/jars/sparklyr-2.3-2.11.jar with timestamp 1555896717681
19/04/21 21:31:57 INFO Executor: Starting executor ID driver on host localhost
19/04/21 21:31:57 INFO Utils: Successfully started service 'org.apache.spark.network.netty.NettyBlockTransferService' on port 59516.
19/04/21 21:31:57 INFO NettyBlockTransferService: Server created on localhost:59516
19/04/21 21:31:57 INFO BlockManager: Using org.apache.spark.storage.RandomBlockReplicationPolicy for block replication policy
19/04/21 21:31:57 INFO BlockManagerMaster: Registering BlockManager BlockManagerId(driver, localhost, 59516, None)
19/04/21 21:31:57 INFO BlockManagerMasterEndpoint: Registering block manager localhost:59516 with 6.1 GB RAM, BlockManagerId(driver, localhost, 59516, None)
19/04/21 21:31:57 INFO BlockManagerMaster: Registered BlockManager BlockManagerId(driver, localhost, 59516, None)
19/04/21 21:31:57 INFO BlockManager: Initialized BlockManager: BlockManagerId(driver, localhost, 59516, None)
19/04/21 21:31:58 WARN SparkContext: Using an existing SparkContext; some configuration may not take effect.
19/04/21 21:31:58 INFO SharedState: loading hive config file: file:/Users/MatthewHamilton/spark/spark-2.3.2-bin-hadoop2.7/conf/hive-site.xml
19/04/21 21:31:58 INFO SharedState: Setting hive.metastore.warehouse.dir ('null') to the value of spark.sql.warehouse.dir ('file:/Users/MatthewHamilton/Dropbox/KSULasso/R/Spark/spark-warehouse').
19/04/21 21:31:58 INFO SharedState: Warehouse path is 'file:/Users/MatthewHamilton/Dropbox/KSULasso/R/Spark/spark-warehouse'.
19/04/21 21:31:59 INFO StateStoreCoordinatorRef: Registered StateStoreCoordinator endpoint
19/04/21 21:32:03 INFO CodeGenerator: Code generated in 319.440425 ms
